<?xml version="1.0" encoding="UTF-8"?>
<testng-results ignored="0" total="3" passed="3" failed="0" skipped="0">
  <reporter-output>
  </reporter-output>
  <suite started-at="2023-12-17T23:18:46 IST" name="All Test Suite" finished-at="2023-12-17T23:18:54 IST" duration-ms="7603">
    <groups>
    </groups>
    <test started-at="2023-12-17T23:18:46 IST" name="Alerts" finished-at="2023-12-17T23:18:54 IST" duration-ms="7603">
      <class name="TestCases.AlertHandling">
        <test-method is-config="true" signature="openPage(java.lang.String)[pri:0, instance:TestCases.AlertHandling@50b472aa]" started-at="2023-12-17T23:18:46 IST" name="openPage" finished-at="2023-12-17T23:18:50 IST" duration-ms="3813" status="PASS">
          <params>
            <param index="0">
              <value>
                <![CDATA[https://the-internet.herokuapp.com/]]>
              </value>
            </param>
          </params>
          <reporter-output>
          </reporter-output>
        </test-method> <!-- openPage -->
        <test-method is-config="true" signature="openAlertScreen()[pri:0, instance:TestCases.AlertHandling@50b472aa]" started-at="2023-12-17T23:18:50 IST" name="openAlertScreen" finished-at="2023-12-17T23:18:53 IST" duration-ms="2394" status="PASS">
          <reporter-output>
          </reporter-output>
        </test-method> <!-- openAlertScreen -->
        <test-method signature="basicAlert()[pri:0, instance:TestCases.AlertHandling@50b472aa]" started-at="2023-12-17T23:18:53 IST" name="basicAlert" finished-at="2023-12-17T23:18:53 IST" duration-ms="144" status="PASS">
          <reporter-output>
          </reporter-output>
        </test-method> <!-- basicAlert -->
        <test-method is-config="true" signature="moveBackToHomeScreen()[pri:0, instance:TestCases.AlertHandling@50b472aa]" started-at="2023-12-17T23:18:53 IST" name="moveBackToHomeScreen" finished-at="2023-12-17T23:18:53 IST" duration-ms="21" status="PASS">
          <reporter-output>
          </reporter-output>
        </test-method> <!-- moveBackToHomeScreen -->
        <test-method is-config="true" signature="openAlertScreen()[pri:0, instance:TestCases.AlertHandling@50b472aa]" started-at="2023-12-17T23:18:53 IST" name="openAlertScreen" finished-at="2023-12-17T23:18:53 IST" duration-ms="366" status="PASS">
          <reporter-output>
          </reporter-output>
        </test-method> <!-- openAlertScreen -->
        <test-method signature="confirmAlert()[pri:0, instance:TestCases.AlertHandling@50b472aa]" started-at="2023-12-17T23:18:53 IST" name="confirmAlert" finished-at="2023-12-17T23:18:53 IST" duration-ms="122" status="PASS">
          <reporter-output>
          </reporter-output>
        </test-method> <!-- confirmAlert -->
        <test-method is-config="true" signature="moveBackToHomeScreen()[pri:0, instance:TestCases.AlertHandling@50b472aa]" started-at="2023-12-17T23:18:53 IST" name="moveBackToHomeScreen" finished-at="2023-12-17T23:18:53 IST" duration-ms="21" status="PASS">
          <reporter-output>
          </reporter-output>
        </test-method> <!-- moveBackToHomeScreen -->
        <test-method is-config="true" signature="openAlertScreen()[pri:0, instance:TestCases.AlertHandling@50b472aa]" started-at="2023-12-17T23:18:53 IST" name="openAlertScreen" finished-at="2023-12-17T23:18:54 IST" duration-ms="363" status="PASS">
          <reporter-output>
          </reporter-output>
        </test-method> <!-- openAlertScreen -->
        <test-method signature="inputAlert()[pri:0, instance:TestCases.AlertHandling@50b472aa]" started-at="2023-12-17T23:18:54 IST" name="inputAlert" finished-at="2023-12-17T23:18:54 IST" duration-ms="153" status="PASS">
          <reporter-output>
          </reporter-output>
        </test-method> <!-- inputAlert -->
        <test-method is-config="true" signature="moveBackToHomeScreen()[pri:0, instance:TestCases.AlertHandling@50b472aa]" started-at="2023-12-17T23:18:54 IST" name="moveBackToHomeScreen" finished-at="2023-12-17T23:18:54 IST" duration-ms="23" status="PASS">
          <reporter-output>
          </reporter-output>
        </test-method> <!-- moveBackToHomeScreen -->
        <test-method is-config="true" signature="close()[pri:0, instance:TestCases.AlertHandling@50b472aa]" started-at="2023-12-17T23:18:54 IST" name="close" finished-at="2023-12-17T23:18:54 IST" duration-ms="109" status="PASS">
          <reporter-output>
          </reporter-output>
        </test-method> <!-- close -->
      </class> <!-- TestCases.AlertHandling -->
    </test> <!-- Alerts -->
  </suite> <!-- All Test Suite -->
</testng-results>
