<?xml version="1.0" encoding="UTF-8"?>
<!-- Generated by org.testng.reporters.JUnitXMLReporter -->
<testsuite ignored="0" hostname="Kitty" failures="0" tests="3" name="Alerts" time="7.603" errors="0" timestamp="2023-12-17T23:18:54 IST">
  <testcase classname="TestCases.AlertHandling" name="basicAlert" time="0.144"/>
  <testcase classname="TestCases.AlertHandling" name="confirmAlert" time="0.122"/>
  <testcase classname="TestCases.AlertHandling" name="inputAlert" time="0.153"/>
</testsuite> <!-- Alerts -->
