<?xml version="1.0" encoding="UTF-8"?>
<testng-results ignored="0" total="6" passed="6" failed="0" skipped="0">
  <reporter-output>
  </reporter-output>
  <suite started-at="2023-06-18T22:18:32 IST" name="All Test Suite" finished-at="2023-06-18T22:19:37 IST" duration-ms="65640">
    <groups>
    </groups>
    <test started-at="2023-06-18T22:18:32 IST" name="Myntra" finished-at="2023-06-18T22:19:31 IST" duration-ms="59306">
      <class name="TestCases.ScrollingPageTest">
        <test-method is-config="true" signature="launchBrowser(java.lang.String)[pri:0, instance:TestCases.ScrollingPageTest@661972b0]" started-at="2023-06-18T22:19:17 IST" name="launchBrowser" finished-at="2023-06-18T22:19:24 IST" duration-ms="6726" status="PASS">
          <params>
            <param index="0">
              <value>
                <![CDATA[https://www.myntra.com/]]>
              </value>
            </param>
          </params>
          <reporter-output>
          </reporter-output>
        </test-method> <!-- launchBrowser -->
        <test-method signature="scrollByAction()[pri:0, instance:TestCases.ScrollingPageTest@661972b0]" started-at="2023-06-18T22:19:24 IST" name="scrollByAction" finished-at="2023-06-18T22:19:30 IST" duration-ms="5312" status="PASS">
          <reporter-output>
          </reporter-output>
        </test-method> <!-- scrollByAction -->
        <test-method is-config="true" signature="tearDown()[pri:0, instance:TestCases.ScrollingPageTest@661972b0]" started-at="2023-06-18T22:19:30 IST" name="tearDown" finished-at="2023-06-18T22:19:31 IST" duration-ms="1284" status="PASS">
          <reporter-output>
          </reporter-output>
        </test-method> <!-- tearDown -->
      </class> <!-- TestCases.ScrollingPageTest -->
      <class name="TestCases.WindowHandlingTest">
        <test-method is-config="true" signature="launchBrowser(java.lang.String)[pri:0, instance:TestCases.WindowHandlingTest@6e20b53a]" started-at="2023-06-18T22:18:32 IST" name="launchBrowser" finished-at="2023-06-18T22:18:41 IST" duration-ms="9644" status="PASS">
          <params>
            <param index="0">
              <value>
                <![CDATA[https://www.myntra.com/]]>
              </value>
            </param>
          </params>
          <reporter-output>
          </reporter-output>
        </test-method> <!-- launchBrowser -->
        <test-method signature="searchProduct()[pri:0, instance:TestCases.WindowHandlingTest@6e20b53a]" started-at="2023-06-18T22:18:41 IST" name="searchProduct" finished-at="2023-06-18T22:18:49 IST" duration-ms="7357" status="PASS">
          <reporter-output>
          </reporter-output>
        </test-method> <!-- searchProduct -->
        <test-method signature="windowHandle()[pri:0, instance:TestCases.WindowHandlingTest@6e20b53a]" started-at="2023-06-18T22:18:49 IST" name="windowHandle" finished-at="2023-06-18T22:19:17 IST" duration-ms="28211" status="PASS">
          <reporter-output>
          </reporter-output>
        </test-method> <!-- windowHandle -->
        <test-method is-config="true" signature="tearDown()[pri:0, instance:TestCases.WindowHandlingTest@6e20b53a]" started-at="2023-06-18T22:19:17 IST" name="tearDown" finished-at="2023-06-18T22:19:17 IST" duration-ms="685" status="PASS">
          <reporter-output>
          </reporter-output>
        </test-method> <!-- tearDown -->
      </class> <!-- TestCases.WindowHandlingTest -->
    </test> <!-- Myntra -->
    <test started-at="2023-06-18T22:19:31 IST" name="HerokuApp" finished-at="2023-06-18T22:19:37 IST" duration-ms="6291">
      <class name="TestCases.AlertHandlingTest">
        <test-method is-config="true" signature="launchBrowser(java.lang.String)[pri:0, instance:TestCases.AlertHandlingTest@436813f3]" started-at="2023-06-18T22:19:31 IST" name="launchBrowser" finished-at="2023-06-18T22:19:36 IST" duration-ms="5478" status="PASS">
          <params>
            <param index="0">
              <value>
                <![CDATA[https://the-internet.herokuapp.com/javascript_alerts]]>
              </value>
            </param>
          </params>
          <reporter-output>
          </reporter-output>
        </test-method> <!-- launchBrowser -->
        <test-method signature="jsAlertTest()[pri:0, instance:TestCases.AlertHandlingTest@436813f3]" started-at="2023-06-18T22:19:36 IST" name="jsAlertTest" finished-at="2023-06-18T22:19:37 IST" duration-ms="171" status="PASS">
          <reporter-output>
          </reporter-output>
        </test-method> <!-- jsAlertTest -->
        <test-method signature="jsConfirmationTest()[pri:0, instance:TestCases.AlertHandlingTest@436813f3]" started-at="2023-06-18T22:19:37 IST" name="jsConfirmationTest" finished-at="2023-06-18T22:19:37 IST" duration-ms="138" status="PASS">
          <reporter-output>
          </reporter-output>
        </test-method> <!-- jsConfirmationTest -->
        <test-method signature="jsPromptTest()[pri:0, instance:TestCases.AlertHandlingTest@436813f3]" started-at="2023-06-18T22:19:37 IST" name="jsPromptTest" finished-at="2023-06-18T22:19:37 IST" duration-ms="175" status="PASS">
          <reporter-output>
          </reporter-output>
        </test-method> <!-- jsPromptTest -->
        <test-method is-config="true" signature="tearDown()[pri:0, instance:TestCases.AlertHandlingTest@436813f3]" started-at="2023-06-18T22:19:37 IST" name="tearDown" finished-at="2023-06-18T22:19:37 IST" duration-ms="317" status="PASS">
          <reporter-output>
          </reporter-output>
        </test-method> <!-- tearDown -->
      </class> <!-- TestCases.AlertHandlingTest -->
    </test> <!-- HerokuApp -->
  </suite> <!-- All Test Suite -->
</testng-results>
