<?xml version="1.0" encoding="UTF-8"?>
<!-- Generated by org.testng.reporters.JUnitXMLReporter -->
<testsuite ignored="0" hostname="DESKTOP-KRCHK3K" failures="0" tests="3" name="HerokuApp" time="6.291" errors="0" timestamp="2023-06-18T22:19:37 IST">
  <testcase classname="TestCases.AlertHandlingTest" name="jsAlertTest" time="0.171"/>
  <testcase classname="TestCases.AlertHandlingTest" name="jsConfirmationTest" time="0.138"/>
  <testcase classname="TestCases.AlertHandlingTest" name="jsPromptTest" time="0.175"/>
</testsuite> <!-- HerokuApp -->
