<?xml version="1.0" encoding="UTF-8"?>
<!-- Generated by org.testng.reporters.JUnitXMLReporter -->
<testsuite ignored="0" hostname="DESKTOP-KRCHK3K" failures="0" tests="3" name="Myntra" time="59.306" errors="0" timestamp="2023-06-18T22:19:31 IST">
  <testcase classname="TestCases.WindowHandlingTest" name="searchProduct" time="7.357"/>
  <testcase classname="TestCases.WindowHandlingTest" name="windowHandle" time="28.211"/>
  <testcase classname="TestCases.ScrollingPageTest" name="scrollByAction" time="5.312"/>
</testsuite> <!-- Myntra -->
